Using pre-set license
Built from '2021.3/staging' branch; Version is '2021.3.2f1 (d6360bedb9a0) revision 14038539'; Using compiler version '192829333'; Build Type 'Release'
OS: 'Windows 11  (10.0.22621) 64bit Core' Language: 'sv' Physical Memory: 32599 MB
BatchMode: 1, IsHumanControllingUs: 0, StartBugReporterOnCrash: 0, Is64bit: 1, IsPro: 1

COMMAND LINE ARGUMENTS:
C:\Program Files\Unity\Hub\Editor\2021.3.2f1\Editor\Unity.exe
-adb2
-batchMode
-noUpm
-name
AssetImportWorker3
-projectPath
D:/Unity Projects/ArcadeGame_VR_Rabb/ArcadeGame_VR
-logFile
Logs/AssetImportWorker3.log
-srvPort
57236
Successfully changed project path to: D:/Unity Projects/ArcadeGame_VR_Rabb/ArcadeGame_VR
D:/Unity Projects/ArcadeGame_VR_Rabb/ArcadeGame_VR
[UnityMemory] Configuration Parameters - Can be set up in boot.config
    "memorysetup-bucket-allocator-granularity=16"
    "memorysetup-bucket-allocator-bucket-count=8"
    "memorysetup-bucket-allocator-block-size=33554432"
    "memorysetup-bucket-allocator-block-count=8"
    "memorysetup-main-allocator-block-size=16777216"
    "memorysetup-thread-allocator-block-size=16777216"
    "memorysetup-gfx-main-allocator-block-size=16777216"
    "memorysetup-gfx-thread-allocator-block-size=16777216"
    "memorysetup-cache-allocator-block-size=4194304"
    "memorysetup-typetree-allocator-block-size=2097152"
    "memorysetup-profiler-bucket-allocator-granularity=16"
    "memorysetup-profiler-bucket-allocator-bucket-count=8"
    "memorysetup-profiler-bucket-allocator-block-size=33554432"
    "memorysetup-profiler-bucket-allocator-block-count=8"
    "memorysetup-profiler-allocator-block-size=16777216"
    "memorysetup-profiler-editor-allocator-block-size=1048576"
    "memorysetup-temp-allocator-size-main=16777216"
    "memorysetup-job-temp-allocator-block-size=2097152"
    "memorysetup-job-temp-allocator-block-size-background=1048576"
    "memorysetup-job-temp-allocator-reduction-small-platforms=262144"
    "memorysetup-temp-allocator-size-background-worker=32768"
    "memorysetup-temp-allocator-size-job-worker=262144"
    "memorysetup-temp-allocator-size-preload-manager=33554432"
    "memorysetup-temp-allocator-size-nav-mesh-worker=65536"
    "memorysetup-temp-allocator-size-audio-worker=65536"
    "memorysetup-temp-allocator-size-cloud-worker=32768"
    "memorysetup-temp-allocator-size-gi-baking-worker=262144"
    "memorysetup-temp-allocator-size-gfx=262144"
Refreshing native plugins compatible for Editor in 186.28 ms, found 3 plugins.
Preloading 0 native plugins for Editor in 0.00 ms.
Initialize engine version: 2021.3.2f1 (d6360bedb9a0)
[Subsystems] Discovering subsystems at path C:/Program Files/Unity/Hub/Editor/2021.3.2f1/Editor/Data/Resources/UnitySubsystems
[Subsystems] Discovering subsystems at path D:/Unity Projects/ArcadeGame_VR_Rabb/ArcadeGame_VR/Assets
GfxDevice: creating device client; threaded=0; jobified=0
Direct3D:
    Version:  Direct3D 11.0 [level 11.1]
    Renderer: NVIDIA GeForce RTX 3080 Laptop GPU (ID=0x249c)
    Vendor:   NVIDIA
    VRAM:     8042 MB
    Driver:   31.0.15.1748
Initialize mono
Mono path[0] = 'C:/Program Files/Unity/Hub/Editor/2021.3.2f1/Editor/Data/Managed'
Mono path[1] = 'C:/Program Files/Unity/Hub/Editor/2021.3.2f1/Editor/Data/MonoBleedingEdge/lib/mono/unityjit-win32'
Mono config path = 'C:/Program Files/Unity/Hub/Editor/2021.3.2f1/Editor/Data/MonoBleedingEdge/etc'
Using monoOptions --debugger-agent=transport=dt_socket,embedding=1,server=y,suspend=n,address=127.0.0.1:56764
Begin MonoManager ReloadAssembly
Registering precompiled unity dll's ...
Register platform support module: C:/Program Files/Unity/Hub/Editor/2021.3.2f1/Editor/Data/PlaybackEngines/AndroidPlayer/UnityEditor.Android.Extensions.dll
Register platform support module: C:/Program Files/Unity/Hub/Editor/2021.3.2f1/Editor/Data/PlaybackEngines/WindowsStandaloneSupport/UnityEditor.WindowsStandalone.Extensions.dll
Registered in 0.007188 seconds.
Native extension for WindowsStandalone target not found
Native extension for Android target not found
Refreshing native plugins compatible for Editor in 179.94 ms, found 3 plugins.
Preloading 0 native plugins for Editor in 0.00 ms.
Mono: successfully reloaded assembly
- Completed reload, in  1.092 seconds
Domain Reload Profiling:
	ReloadAssembly (1093ms)
		BeginReloadAssembly (108ms)
			ExecutionOrderSort (0ms)
			DisableScriptedObjects (0ms)
			BackupInstance (0ms)
			ReleaseScriptingObjects (0ms)
			CreateAndSetChildDomain (1ms)
		EndReloadAssembly (806ms)
			LoadAssemblies (106ms)
			RebuildTransferFunctionScriptingTraits (0ms)
			SetupTypeCache (169ms)
			ReleaseScriptCaches (0ms)
			RebuildScriptCaches (42ms)
			SetupLoadedEditorAssemblies (512ms)
				LogAssemblyErrors (0ms)
				InitializePlatformSupportModulesInManaged (82ms)
				SetLoadedEditorAssemblies (0ms)
				RefreshPlugins (180ms)
				BeforeProcessingInitializeOnLoad (3ms)
				ProcessInitializeOnLoadAttributes (180ms)
				ProcessInitializeOnLoadMethodAttributes (66ms)
				AfterProcessingInitializeOnLoad (0ms)
				EditorAssembliesLoaded (0ms)
			ExecutionOrderSort2 (0ms)
			AwakeInstancesAfterBackupRestoration (0ms)
Platform modules already initialized, skipping
Registering precompiled user dll's ...
Registered in 0.009062 seconds.
Begin MonoManager ReloadAssembly
Symbol file LoadedFromMemory doesn't match image D:\Unity Projects\ArcadeGame_VR_Rabb\ArcadeGame_VR\Library\PackageCache\com.unity.visualscripting@1.7.6\Editor\VisualScripting.Core\Dependencies\YamlDotNet\Unity.VisualScripting.YamlDotNet.dll
Symbol file LoadedFromMemory doesn't match image D:\Unity Projects\ArcadeGame_VR_Rabb\ArcadeGame_VR\Library\PackageCache\com.unity.visualscripting@1.7.6\Editor\VisualScripting.Core\Dependencies\DotNetZip\Unity.VisualScripting.IonicZip.dll
Native extension for WindowsStandalone target not found
Native extension for Android target not found
Refreshing native plugins compatible for Editor in 170.40 ms, found 3 plugins.
Preloading 0 native plugins for Editor in 0.00 ms.
Mono: successfully reloaded assembly
- Completed reload, in  2.315 seconds
Domain Reload Profiling:
	ReloadAssembly (2316ms)
		BeginReloadAssembly (295ms)
			ExecutionOrderSort (0ms)
			DisableScriptedObjects (11ms)
			BackupInstance (0ms)
			ReleaseScriptingObjects (0ms)
			CreateAndSetChildDomain (135ms)
		EndReloadAssembly (1811ms)
			LoadAssemblies (136ms)
			RebuildTransferFunctionScriptingTraits (0ms)
			SetupTypeCache (500ms)
			ReleaseScriptCaches (1ms)
			RebuildScriptCaches (95ms)
			SetupLoadedEditorAssemblies (1015ms)
				LogAssemblyErrors (0ms)
				InitializePlatformSupportModulesInManaged (16ms)
				SetLoadedEditorAssemblies (0ms)
				RefreshPlugins (171ms)
				BeforeProcessingInitializeOnLoad (188ms)
				ProcessInitializeOnLoadAttributes (482ms)
				ProcessInitializeOnLoadMethodAttributes (144ms)
				AfterProcessingInitializeOnLoad (13ms)
				EditorAssembliesLoaded (0ms)
			ExecutionOrderSort2 (0ms)
			AwakeInstancesAfterBackupRestoration (8ms)
Platform modules already initialized, skipping
========================================================================
Worker process is ready to serve import requests
Launched and connected shader compiler UnityShaderCompiler.exe after 0.06 seconds
Refreshing native plugins compatible for Editor in 1.14 ms, found 3 plugins.
Preloading 0 native plugins for Editor in 0.00 ms.
Unloading 5011 Unused Serialized files (Serialized files now loaded: 0)
Unloading 33 unused Assets / (0.7 MB). Loaded Objects now: 5468.
Memory consumption went from 196.4 MB to 195.7 MB.
Total: 5.911700 ms (FindLiveObjects: 0.541500 ms CreateObjectMapping: 0.742000 ms MarkObjects: 4.175000 ms  DeleteObjects: 0.451400 ms)

AssetImportParameters requested are different than current active one (requested -> active):
  custom:video-decoder-ogg-theora: a1e56fd34408186e4bbccfd4996cb3dc -> 
  custom:container-muxer-webm: aa71ff27fc2769a1b78a27578f13a17b -> 
  custom:container-demuxer-webm: 4f35f7cbe854078d1ac9338744f61a02 -> 
  custom:video-encoder-webm-vp8: eb34c28f22e8b96e1ab97ce403110664 -> 
  custom:audio-encoder-webm-vorbis: bf7c407c2cedff20999df2af8eb42d56 -> 
  custom:framework-win-MediaFoundation: 216162199b28c13a410421893ffa2e32 -> 
  custom:container-demuxer-ogg: 62fdf1f143b41e24485cea50d1cbac27 -> 
  custom:video-decoder-webm-vp8: 9c59270c3fd7afecdb556c50c9e8de78 -> 
  custom:audio-decoder-ogg-vorbis: bf7c407c2cedff20999df2af8eb42d56 -> 
========================================================================
Received Import Request.
  Time since last request: 2164.069995 seconds.
  path: Assets/Arcade/Prefabs/TrashCan.prefab
  artifactKey: Guid(45cb033a662b39d45a4bdf2166ceddb1) Importer(815301076,1909f56bfc062723c751e8b465ee728b)
Start importing Assets/Arcade/Prefabs/TrashCan.prefab using Guid(45cb033a662b39d45a4bdf2166ceddb1) Importer(815301076,1909f56bfc062723c751e8b465ee728b)  -> (artifact id: '2c5f1d38068b9e21516f4079f1b37df1') in 0.460987 seconds 
========================================================================
Received Import Request.
  Time since last request: 0.000044 seconds.
  path: Assets/Arcade/Prefabs/ClawMachine.prefab
  artifactKey: Guid(328934b561f64a144a2080a0feb04902) Importer(815301076,1909f56bfc062723c751e8b465ee728b)
Start importing Assets/Arcade/Prefabs/ClawMachine.prefab using Guid(328934b561f64a144a2080a0feb04902) Importer(815301076,1909f56bfc062723c751e8b465ee728b)  -> (artifact id: 'b0de33a5d7fc2126955cb47b4a4149f1') in 0.046229 seconds 
========================================================================
Received Import Request.
  Time since last request: 0.000039 seconds.
  path: Assets/Arcade/Prefabs/Door.prefab
  artifactKey: Guid(58c753a95fadf8943a7789129929b788) Importer(815301076,1909f56bfc062723c751e8b465ee728b)
Start importing Assets/Arcade/Prefabs/Door.prefab using Guid(58c753a95fadf8943a7789129929b788) Importer(815301076,1909f56bfc062723c751e8b465ee728b)  -> (artifact id: '10882b2e1de80acf4d57ee161783e1fc') in 0.028481 seconds 
========================================================================
Received Import Request.
  Time since last request: 0.000027 seconds.
  path: Assets/Arcade/Prefabs/FireExit_Sign.prefab
  artifactKey: Guid(c5e70fbb16bc2054dbf8830a2f8ec317) Importer(815301076,1909f56bfc062723c751e8b465ee728b)
Start importing Assets/Arcade/Prefabs/FireExit_Sign.prefab using Guid(c5e70fbb16bc2054dbf8830a2f8ec317) Importer(815301076,1909f56bfc062723c751e8b465ee728b)  -> (artifact id: '9715d1ba0159561208bd2fa7e619f417') in 0.026179 seconds 
========================================================================
Received Import Request.
  Time since last request: 0.000031 seconds.
  path: Assets/Arcade/Prefabs/Rack.prefab
  artifactKey: Guid(c62d9055156d6494d8b80d014b690ebb) Importer(815301076,1909f56bfc062723c751e8b465ee728b)
Start importing Assets/Arcade/Prefabs/Rack.prefab using Guid(c62d9055156d6494d8b80d014b690ebb) Importer(815301076,1909f56bfc062723c751e8b465ee728b)  -> (artifact id: 'f1b1149aebc00473f59dc890f5b9dc13') in 0.021545 seconds 
========================================================================
Received Import Request.
  Time since last request: 0.000026 seconds.
  path: Assets/Arcade/Prefabs/ArcadeMachine02.prefab
  artifactKey: Guid(d9f32966ebf7fc34bafe9c1e62ddeaea) Importer(815301076,1909f56bfc062723c751e8b465ee728b)
Start importing Assets/Arcade/Prefabs/ArcadeMachine02.prefab using Guid(d9f32966ebf7fc34bafe9c1e62ddeaea) Importer(815301076,1909f56bfc062723c751e8b465ee728b)  -> (artifact id: '723b76f8dde539050949283e7b414d31') in 0.033951 seconds 
========================================================================
Received Import Request.
  Time since last request: 59.944910 seconds.
  path: Assets/Arcade/Prefabs/ArcadeMachine03.prefab
  artifactKey: Guid(9437dac6606e73c43b196fc45b0a1df3) Importer(815301076,1909f56bfc062723c751e8b465ee728b)
Start importing Assets/Arcade/Prefabs/ArcadeMachine03.prefab using Guid(9437dac6606e73c43b196fc45b0a1df3) Importer(815301076,1909f56bfc062723c751e8b465ee728b)  -> (artifact id: '77592e49cde76ceaef515f6a0d4e56f0') in 0.040250 seconds 
========================================================================
Received Import Request.
  Time since last request: 0.000028 seconds.
  path: Assets/Arcade/Prefabs/Lamp.prefab
  artifactKey: Guid(f76b59afe8ba8dc43a16ecde3571e10c) Importer(815301076,1909f56bfc062723c751e8b465ee728b)
Start importing Assets/Arcade/Prefabs/Lamp.prefab using Guid(f76b59afe8ba8dc43a16ecde3571e10c) Importer(815301076,1909f56bfc062723c751e8b465ee728b)  -> (artifact id: 'bf7819dbc626e2cadd56882906fe081e') in 0.021528 seconds 
========================================================================
Received Import Request.
  Time since last request: 0.000032 seconds.
  path: Assets/Arcade/Prefabs/FireExit_Sign.prefab
  artifactKey: Guid(c5e70fbb16bc2054dbf8830a2f8ec317) Importer(815301076,1909f56bfc062723c751e8b465ee728b)
Start importing Assets/Arcade/Prefabs/FireExit_Sign.prefab using Guid(c5e70fbb16bc2054dbf8830a2f8ec317) Importer(815301076,1909f56bfc062723c751e8b465ee728b)  -> (artifact id: '75247b3e14d1e36fa055e685d90cf83e') in 0.023709 seconds 
========================================================================
Received Import Request.
  Time since last request: 874.513063 seconds.
  path: Assets/Arcade/Prefabs/ArcadeMachine01.prefab
  artifactKey: Guid(6877d9c5e8281194aa92ec836dacdf85) Importer(815301076,1909f56bfc062723c751e8b465ee728b)
Start importing Assets/Arcade/Prefabs/ArcadeMachine01.prefab using Guid(6877d9c5e8281194aa92ec836dacdf85) Importer(815301076,1909f56bfc062723c751e8b465ee728b)  -> (artifact id: '715424ab92763f457b1192fb14012b1a') in 0.043007 seconds 
========================================================================
Received Import Request.
  Time since last request: 223.704535 seconds.
  path: Assets/Arcade/Materials/AirHockey_texture.mat
  artifactKey: Guid(d8c2e9e5c4685fb45ae7e6c8c49f3320) Importer(815301076,1909f56bfc062723c751e8b465ee728b)
Start importing Assets/Arcade/Materials/AirHockey_texture.mat using Guid(d8c2e9e5c4685fb45ae7e6c8c49f3320) Importer(815301076,1909f56bfc062723c751e8b465ee728b)  -> (artifact id: '61c61f6383947bb9cd699263b1ed0985') in 0.081036 seconds 
========================================================================
Received Import Request.
  Time since last request: 0.000037 seconds.
  path: Assets/Arcade/Materials/ArcadeMachine_1_COL_ED.mat
  artifactKey: Guid(09940ef990a736b44a9e0e3c8cd9cda1) Importer(815301076,1909f56bfc062723c751e8b465ee728b)
Start importing Assets/Arcade/Materials/ArcadeMachine_1_COL_ED.mat using Guid(09940ef990a736b44a9e0e3c8cd9cda1) Importer(815301076,1909f56bfc062723c751e8b465ee728b)  -> (artifact id: 'efbbb4ef1c184c89c1ef512518ad6ecf') in 0.032027 seconds 
========================================================================
Received Import Request.
  Time since last request: 0.000035 seconds.
  path: Assets/Arcade/Materials/Poster_NACTOO.mat
  artifactKey: Guid(1d36a0cc09e79194ca2638f9931f86ad) Importer(815301076,1909f56bfc062723c751e8b465ee728b)
Start importing Assets/Arcade/Materials/Poster_NACTOO.mat using Guid(1d36a0cc09e79194ca2638f9931f86ad) Importer(815301076,1909f56bfc062723c751e8b465ee728b)  -> (artifact id: 'e84327617a36305f17540401ce559e29') in 0.022236 seconds 
========================================================================
Received Import Request.
  Time since last request: 0.000028 seconds.
  path: Assets/Arcade/Materials/Carpet.mat
  artifactKey: Guid(4a3364e6d499ef5478ad60c4c6d81905) Importer(815301076,1909f56bfc062723c751e8b465ee728b)
Start importing Assets/Arcade/Materials/Carpet.mat using Guid(4a3364e6d499ef5478ad60c4c6d81905) Importer(815301076,1909f56bfc062723c751e8b465ee728b)  -> (artifact id: '0195af2e6c72934989e88fde0d60f0f7') in 0.029202 seconds 
========================================================================
Received Import Request.
  Time since last request: 0.000051 seconds.
  path: Assets/Arcade/Materials/Roof_texture 1.mat
  artifactKey: Guid(af0a8374f5eb38e46a1686e7fd29ab3f) Importer(815301076,1909f56bfc062723c751e8b465ee728b)
Start importing Assets/Arcade/Materials/Roof_texture 1.mat using Guid(af0a8374f5eb38e46a1686e7fd29ab3f) Importer(815301076,1909f56bfc062723c751e8b465ee728b)  -> (artifact id: 'f8418c8c499aa0cc44a6aefacd975a1f') in 0.026865 seconds 
========================================================================
Received Import Request.
  Time since last request: 0.000027 seconds.
  path: Assets/Arcade/Materials/ArcadeMachine_2_COL_ED.mat
  artifactKey: Guid(d4441aae872ccab45861d1a015399e2b) Importer(815301076,1909f56bfc062723c751e8b465ee728b)
Start importing Assets/Arcade/Materials/ArcadeMachine_2_COL_ED.mat using Guid(d4441aae872ccab45861d1a015399e2b) Importer(815301076,1909f56bfc062723c751e8b465ee728b)  -> (artifact id: '61b86710eceb7b64d4c6a93351fbedaa') in 0.026096 seconds 
========================================================================
Received Import Request.
  Time since last request: 0.000055 seconds.
  path: Assets/Arcade/Materials/Bricks.mat
  artifactKey: Guid(c0bd1cb06c5e55244b850965737483f5) Importer(815301076,1909f56bfc062723c751e8b465ee728b)
Start importing Assets/Arcade/Materials/Bricks.mat using Guid(c0bd1cb06c5e55244b850965737483f5) Importer(815301076,1909f56bfc062723c751e8b465ee728b)  -> (artifact id: '6474ba7400d6d5649c1904670ac7b204') in 0.026964 seconds 
========================================================================
Received Import Request.
  Time since last request: 0.000028 seconds.
  path: Assets/Arcade/Materials/Poster_NEX-N8R.mat
  artifactKey: Guid(11041635d7805d0449ff29a0bafff390) Importer(815301076,1909f56bfc062723c751e8b465ee728b)
Start importing Assets/Arcade/Materials/Poster_NEX-N8R.mat using Guid(11041635d7805d0449ff29a0bafff390) Importer(815301076,1909f56bfc062723c751e8b465ee728b)  -> (artifact id: '51683bc41daef567ca6f4fa46c9d74fc') in 0.024644 seconds 
========================================================================
Received Import Request.
  Time since last request: 0.000029 seconds.
  path: Assets/Arcade/Materials/Glass.mat
  artifactKey: Guid(1a31310dbeff649449672a619b93bef2) Importer(815301076,1909f56bfc062723c751e8b465ee728b)
Start importing Assets/Arcade/Materials/Glass.mat using Guid(1a31310dbeff649449672a619b93bef2) Importer(815301076,1909f56bfc062723c751e8b465ee728b)  -> (artifact id: '6e538bd6b418f7b6e9ed253fb3d11134') in 0.020715 seconds 
========================================================================
Received Import Request.
  Time since last request: 0.000037 seconds.
  path: Assets/Arcade/Materials/RedPlastic.mat
  artifactKey: Guid(ebbaf08a0a8e10948af18e2c87369ff4) Importer(815301076,1909f56bfc062723c751e8b465ee728b)
Start importing Assets/Arcade/Materials/RedPlastic.mat using Guid(ebbaf08a0a8e10948af18e2c87369ff4) Importer(815301076,1909f56bfc062723c751e8b465ee728b)  -> (artifact id: '7c2922da6b8385f26d3641a99d5c63a8') in 0.021298 seconds 
========================================================================
Received Import Request.
  Time since last request: 0.000071 seconds.
  path: Assets/Arcade/Materials/Carpet_texture.mat
  artifactKey: Guid(4c98ba3d88246054ab151edbef3c5ed4) Importer(815301076,1909f56bfc062723c751e8b465ee728b)
Start importing Assets/Arcade/Materials/Carpet_texture.mat using Guid(4c98ba3d88246054ab151edbef3c5ed4) Importer(815301076,1909f56bfc062723c751e8b465ee728b)  -> (artifact id: 'b37408c3baf9da25fc615d65ab2d469f') in 0.023127 seconds 
========================================================================
Received Import Request.
  Time since last request: 0.000024 seconds.
  path: Assets/Arcade/Materials/ThrashcCan_Body_texture.mat
  artifactKey: Guid(82a7a66e3a73b7e4ea7594344e9e5d0e) Importer(815301076,1909f56bfc062723c751e8b465ee728b)
Start importing Assets/Arcade/Materials/ThrashcCan_Body_texture.mat using Guid(82a7a66e3a73b7e4ea7594344e9e5d0e) Importer(815301076,1909f56bfc062723c751e8b465ee728b)  -> (artifact id: '73a676d91f43aaff72c6ff50c606769f') in 0.025061 seconds 
========================================================================
Received Import Request.
  Time since last request: 0.000023 seconds.
  path: Assets/Arcade/Materials/Beam_Texture.mat
  artifactKey: Guid(01577770d27e2b34fb3e7b2a1a5c2a7a) Importer(815301076,1909f56bfc062723c751e8b465ee728b)
Start importing Assets/Arcade/Materials/Beam_Texture.mat using Guid(01577770d27e2b34fb3e7b2a1a5c2a7a) Importer(815301076,1909f56bfc062723c751e8b465ee728b)  -> (artifact id: '21b80bdf8f574ac7e6efd1578bc01b48') in 0.027196 seconds 
========================================================================
Received Import Request.
  Time since last request: 0.000023 seconds.
  path: Assets/Arcade/Materials/DoorHandle.mat
  artifactKey: Guid(3ecb7bc6999409d458fc3de12ecbee5c) Importer(815301076,1909f56bfc062723c751e8b465ee728b)
Start importing Assets/Arcade/Materials/DoorHandle.mat using Guid(3ecb7bc6999409d458fc3de12ecbee5c) Importer(815301076,1909f56bfc062723c751e8b465ee728b)  -> (artifact id: 'c37d351ee3905c5fe58cb25753382b34') in 0.022370 seconds 
========================================================================
Received Import Request.
  Time since last request: 5.241163 seconds.
  path: Assets/Arcade/Objects/AirHockey_Tool.fbx
  artifactKey: Guid(47c8e7b921d47dc43b9d1661e1e413bf) Importer(815301076,1909f56bfc062723c751e8b465ee728b)
Start importing Assets/Arcade/Objects/AirHockey_Tool.fbx using Guid(47c8e7b921d47dc43b9d1661e1e413bf) Importer(815301076,1909f56bfc062723c751e8b465ee728b)  -> (artifact id: '1b2c63d9d8e0c122dc42d7295ecb4fdf') in 0.433747 seconds 
========================================================================
Received Import Request.
  Time since last request: 0.000039 seconds.
  path: Assets/Arcade/Objects/ArcadeMachine02.fbx
  artifactKey: Guid(66a1262cd2812b34ebd5ce4244e28380) Importer(815301076,1909f56bfc062723c751e8b465ee728b)
Start importing Assets/Arcade/Objects/ArcadeMachine02.fbx using Guid(66a1262cd2812b34ebd5ce4244e28380) Importer(815301076,1909f56bfc062723c751e8b465ee728b)  -> (artifact id: 'b6382662ca539776b49a19aaf8bff5d2') in 0.057427 seconds 
========================================================================
Received Import Request.
  Time since last request: 0.000082 seconds.
  path: Assets/Arcade/Objects/FireExit_Sign.fbx
  artifactKey: Guid(7a4574b3b1a1c464e9fc26d68fb09730) Importer(815301076,1909f56bfc062723c751e8b465ee728b)
Start importing Assets/Arcade/Objects/FireExit_Sign.fbx using Guid(7a4574b3b1a1c464e9fc26d68fb09730) Importer(815301076,1909f56bfc062723c751e8b465ee728b)  -> (artifact id: 'b11dde477f101a6a755b87c5b94b76a4') in 0.093421 seconds 
========================================================================
Received Import Request.
  Time since last request: 0.000038 seconds.
  path: Assets/Arcade/Objects/Rack.fbx
  artifactKey: Guid(7d929ad392d24da46ad9b3e441010f67) Importer(815301076,1909f56bfc062723c751e8b465ee728b)
Start importing Assets/Arcade/Objects/Rack.fbx using Guid(7d929ad392d24da46ad9b3e441010f67) Importer(815301076,1909f56bfc062723c751e8b465ee728b)  -> (artifact id: '841bfc0a1e25b18289cc74d93ba8a121') in 0.045922 seconds 
========================================================================
Received Import Request.
  Time since last request: 0.000028 seconds.
  path: Assets/Arcade/Objects/Door.fbx
  artifactKey: Guid(5c26415ce887fbe40ad3def134e9a185) Importer(815301076,1909f56bfc062723c751e8b465ee728b)
Start importing Assets/Arcade/Objects/Door.fbx using Guid(5c26415ce887fbe40ad3def134e9a185) Importer(815301076,1909f56bfc062723c751e8b465ee728b)  -> (artifact id: '7f0f3c58421f2aca051eed0276f23719') in 0.080976 seconds 
========================================================================
Received Import Request.
  Time since last request: 0.000036 seconds.
  path: Assets/Arcade/Objects/Stool.fbx
  artifactKey: Guid(d4186c7903ac8c248adc9cc9609d74ac) Importer(815301076,1909f56bfc062723c751e8b465ee728b)
Start importing Assets/Arcade/Objects/Stool.fbx using Guid(d4186c7903ac8c248adc9cc9609d74ac) Importer(815301076,1909f56bfc062723c751e8b465ee728b)  -> (artifact id: '5ea5ab37406d9d8565b98c5ad68eb095') in 0.074230 seconds 
========================================================================
Received Import Request.
  Time since last request: 0.000036 seconds.
  path: Assets/Arcade/Objects/TrashCan.fbx
  artifactKey: Guid(2deda43b211dc7c499e533bf2d22eb8b) Importer(815301076,1909f56bfc062723c751e8b465ee728b)
Start importing Assets/Arcade/Objects/TrashCan.fbx using Guid(2deda43b211dc7c499e533bf2d22eb8b) Importer(815301076,1909f56bfc062723c751e8b465ee728b)  -> (artifact id: '44f2d984020b5970f73cea0fe91ad271') in 0.066627 seconds 
========================================================================
Received Import Request.
  Time since last request: 2.463361 seconds.
  path: Assets/Arcade/Textures/AirHockey_texture.png
  artifactKey: Guid(ba18d96163a14b74e9997f0feabb2c8a) Importer(815301076,1909f56bfc062723c751e8b465ee728b)
Start importing Assets/Arcade/Textures/AirHockey_texture.png using Guid(ba18d96163a14b74e9997f0feabb2c8a) Importer(815301076,1909f56bfc062723c751e8b465ee728b)  -> (artifact id: 'a35833fda6f75837c086d3b4affde886') in 0.047669 seconds 
========================================================================
Received Import Request.
  Time since last request: 0.000051 seconds.
  path: Assets/Arcade/Textures/Plaster_Normal.png
  artifactKey: Guid(1afe8e6dd834e6d4fb52918685bea24f) Importer(815301076,1909f56bfc062723c751e8b465ee728b)
Start importing Assets/Arcade/Textures/Plaster_Normal.png using Guid(1afe8e6dd834e6d4fb52918685bea24f) Importer(815301076,1909f56bfc062723c751e8b465ee728b)  -> (artifact id: '134d1eea57b00131bf989decc0c2bcf7') in 0.026797 seconds 
========================================================================
Received Import Request.
  Time since last request: 0.000027 seconds.
  path: Assets/Arcade/Textures/Trashlid_normal.png
  artifactKey: Guid(27ff4df20fb582c459ef9d77ede76bba) Importer(815301076,1909f56bfc062723c751e8b465ee728b)
Start importing Assets/Arcade/Textures/Trashlid_normal.png using Guid(27ff4df20fb582c459ef9d77ede76bba) Importer(815301076,1909f56bfc062723c751e8b465ee728b)  -> (artifact id: '6a33ae1437a188b545b2890f3de13e25') in 0.033278 seconds 
========================================================================
Received Import Request.
  Time since last request: 0.000041 seconds.
  path: Assets/Arcade/Textures/Trashlid_Base_Color.png
  artifactKey: Guid(0c6eab16a296cf646b43d678c2644cb9) Importer(815301076,1909f56bfc062723c751e8b465ee728b)
Start importing Assets/Arcade/Textures/Trashlid_Base_Color.png using Guid(0c6eab16a296cf646b43d678c2644cb9) Importer(815301076,1909f56bfc062723c751e8b465ee728b)  -> (artifact id: '4349172ae4e654402f0eb8e21e785a5c') in 0.023308 seconds 
========================================================================
Received Import Request.
  Time since last request: 0.000027 seconds.
  path: Assets/Arcade/Textures/ArcadeMachine_1_ArcadeMachine_1_NRM.png
  artifactKey: Guid(d7f745a0b38f9e046b65b2ff06c05227) Importer(815301076,1909f56bfc062723c751e8b465ee728b)
Start importing Assets/Arcade/Textures/ArcadeMachine_1_ArcadeMachine_1_NRM.png using Guid(d7f745a0b38f9e046b65b2ff06c05227) Importer(815301076,1909f56bfc062723c751e8b465ee728b)  -> (artifact id: '3654d6f9c2c4f8fa544d0c1cd8106956') in 0.025706 seconds 
========================================================================
Received Import Request.
  Time since last request: 0.000032 seconds.
  path: Assets/Arcade/Textures/ThrashcCan_Body_texture.png
  artifactKey: Guid(5764b2dabeed98f4f8bcef1b00ce7eb3) Importer(815301076,1909f56bfc062723c751e8b465ee728b)
Start importing Assets/Arcade/Textures/ThrashcCan_Body_texture.png using Guid(5764b2dabeed98f4f8bcef1b00ce7eb3) Importer(815301076,1909f56bfc062723c751e8b465ee728b)  -> (artifact id: 'f437f694c387f2d1584f7f6a8cde9f53') in 0.022571 seconds 
========================================================================
Received Import Request.
  Time since last request: 0.000033 seconds.
  path: Assets/Arcade/Textures/Poster_NACTOO.png
  artifactKey: Guid(e1ad843ead909ba46a731c6d9fbc80b4) Importer(815301076,1909f56bfc062723c751e8b465ee728b)
Start importing Assets/Arcade/Textures/Poster_NACTOO.png using Guid(e1ad843ead909ba46a731c6d9fbc80b4) Importer(815301076,1909f56bfc062723c751e8b465ee728b)  -> (artifact id: '602dae126d9993cd9bc58e414a1b0d9a') in 0.022968 seconds 
========================================================================
Received Import Request.
  Time since last request: 0.000044 seconds.
  path: Assets/Arcade/Textures/ArcadeMachine_2_ArcadeMachine_2_NRM.png
  artifactKey: Guid(1577640fd73bff8468a2986871ba539b) Importer(815301076,1909f56bfc062723c751e8b465ee728b)
Start importing Assets/Arcade/Textures/ArcadeMachine_2_ArcadeMachine_2_NRM.png using Guid(1577640fd73bff8468a2986871ba539b) Importer(815301076,1909f56bfc062723c751e8b465ee728b)  -> (artifact id: 'ee9b4907a564bfac15590ec6c7cc0683') in 0.023262 seconds 
========================================================================
Received Import Request.
  Time since last request: 0.000025 seconds.
  path: Assets/Arcade/Textures/Beam_Texture.png
  artifactKey: Guid(4a27ee341f0229a428a1af67a6285a4a) Importer(815301076,1909f56bfc062723c751e8b465ee728b)
Start importing Assets/Arcade/Textures/Beam_Texture.png using Guid(4a27ee341f0229a428a1af67a6285a4a) Importer(815301076,1909f56bfc062723c751e8b465ee728b)  -> (artifact id: '75beb927c6f5ea4319e5acc40c0798fd') in 0.025456 seconds 
========================================================================
Received Import Request.
  Time since last request: 0.000028 seconds.
  path: Assets/Arcade/Textures/Carpet_texture.png
  artifactKey: Guid(a96e6f87451f8674a87e2e0ad924c1c2) Importer(815301076,1909f56bfc062723c751e8b465ee728b)
Start importing Assets/Arcade/Textures/Carpet_texture.png using Guid(a96e6f87451f8674a87e2e0ad924c1c2) Importer(815301076,1909f56bfc062723c751e8b465ee728b)  -> (artifact id: '7114da7d0e7aaa628f120fbaab90bcc4') in 0.027007 seconds 
