Using pre-set license
Built from '2021.3/staging' branch; Version is '2021.3.2f1 (d6360bedb9a0) revision 14038539'; Using compiler version '192829333'; Build Type 'Release'
OS: 'Windows 11  (10.0.22621) 64bit Core' Language: 'sv' Physical Memory: 32599 MB
BatchMode: 1, IsHumanControllingUs: 0, StartBugReporterOnCrash: 0, Is64bit: 1, IsPro: 1

COMMAND LINE ARGUMENTS:
C:\Program Files\Unity\Hub\Editor\2021.3.2f1\Editor\Unity.exe
-adb2
-batchMode
-noUpm
-name
AssetImportWorker4
-projectPath
D:/Unity Projects/ArcadeGame_VR_Rabb/ArcadeGame_VR
-logFile
Logs/AssetImportWorker4.log
-srvPort
57236
Successfully changed project path to: D:/Unity Projects/ArcadeGame_VR_Rabb/ArcadeGame_VR
D:/Unity Projects/ArcadeGame_VR_Rabb/ArcadeGame_VR
[UnityMemory] Configuration Parameters - Can be set up in boot.config
    "memorysetup-bucket-allocator-granularity=16"
    "memorysetup-bucket-allocator-bucket-count=8"
    "memorysetup-bucket-allocator-block-size=33554432"
    "memorysetup-bucket-allocator-block-count=8"
    "memorysetup-main-allocator-block-size=16777216"
    "memorysetup-thread-allocator-block-size=16777216"
    "memorysetup-gfx-main-allocator-block-size=16777216"
    "memorysetup-gfx-thread-allocator-block-size=16777216"
    "memorysetup-cache-allocator-block-size=4194304"
    "memorysetup-typetree-allocator-block-size=2097152"
    "memorysetup-profiler-bucket-allocator-granularity=16"
    "memorysetup-profiler-bucket-allocator-bucket-count=8"
    "memorysetup-profiler-bucket-allocator-block-size=33554432"
    "memorysetup-profiler-bucket-allocator-block-count=8"
    "memorysetup-profiler-allocator-block-size=16777216"
    "memorysetup-profiler-editor-allocator-block-size=1048576"
    "memorysetup-temp-allocator-size-main=16777216"
    "memorysetup-job-temp-allocator-block-size=2097152"
    "memorysetup-job-temp-allocator-block-size-background=1048576"
    "memorysetup-job-temp-allocator-reduction-small-platforms=262144"
    "memorysetup-temp-allocator-size-background-worker=32768"
    "memorysetup-temp-allocator-size-job-worker=262144"
    "memorysetup-temp-allocator-size-preload-manager=33554432"
    "memorysetup-temp-allocator-size-nav-mesh-worker=65536"
    "memorysetup-temp-allocator-size-audio-worker=65536"
    "memorysetup-temp-allocator-size-cloud-worker=32768"
    "memorysetup-temp-allocator-size-gi-baking-worker=262144"
    "memorysetup-temp-allocator-size-gfx=262144"
Refreshing native plugins compatible for Editor in 192.60 ms, found 3 plugins.
Preloading 0 native plugins for Editor in 0.00 ms.
Initialize engine version: 2021.3.2f1 (d6360bedb9a0)
[Subsystems] Discovering subsystems at path C:/Program Files/Unity/Hub/Editor/2021.3.2f1/Editor/Data/Resources/UnitySubsystems
[Subsystems] Discovering subsystems at path D:/Unity Projects/ArcadeGame_VR_Rabb/ArcadeGame_VR/Assets
GfxDevice: creating device client; threaded=0; jobified=0
Direct3D:
    Version:  Direct3D 11.0 [level 11.1]
    Renderer: NVIDIA GeForce RTX 3080 Laptop GPU (ID=0x249c)
    Vendor:   NVIDIA
    VRAM:     8042 MB
    Driver:   31.0.15.1748
Initialize mono
Mono path[0] = 'C:/Program Files/Unity/Hub/Editor/2021.3.2f1/Editor/Data/Managed'
Mono path[1] = 'C:/Program Files/Unity/Hub/Editor/2021.3.2f1/Editor/Data/MonoBleedingEdge/lib/mono/unityjit-win32'
Mono config path = 'C:/Program Files/Unity/Hub/Editor/2021.3.2f1/Editor/Data/MonoBleedingEdge/etc'
Using monoOptions --debugger-agent=transport=dt_socket,embedding=1,server=y,suspend=n,address=127.0.0.1:56216
Begin MonoManager ReloadAssembly
Registering precompiled unity dll's ...
Register platform support module: C:/Program Files/Unity/Hub/Editor/2021.3.2f1/Editor/Data/PlaybackEngines/AndroidPlayer/UnityEditor.Android.Extensions.dll
Register platform support module: C:/Program Files/Unity/Hub/Editor/2021.3.2f1/Editor/Data/PlaybackEngines/WindowsStandaloneSupport/UnityEditor.WindowsStandalone.Extensions.dll
Registered in 0.007724 seconds.
Native extension for WindowsStandalone target not found
Native extension for Android target not found
Refreshing native plugins compatible for Editor in 110.45 ms, found 3 plugins.
Preloading 0 native plugins for Editor in 0.00 ms.
Mono: successfully reloaded assembly
- Completed reload, in  0.785 seconds
Domain Reload Profiling:
	ReloadAssembly (785ms)
		BeginReloadAssembly (75ms)
			ExecutionOrderSort (0ms)
			DisableScriptedObjects (0ms)
			BackupInstance (0ms)
			ReleaseScriptingObjects (0ms)
			CreateAndSetChildDomain (1ms)
		EndReloadAssembly (584ms)
			LoadAssemblies (73ms)
			RebuildTransferFunctionScriptingTraits (0ms)
			SetupTypeCache (129ms)
			ReleaseScriptCaches (0ms)
			RebuildScriptCaches (30ms)
			SetupLoadedEditorAssemblies (368ms)
				LogAssemblyErrors (0ms)
				InitializePlatformSupportModulesInManaged (62ms)
				SetLoadedEditorAssemblies (0ms)
				RefreshPlugins (111ms)
				BeforeProcessingInitializeOnLoad (2ms)
				ProcessInitializeOnLoadAttributes (120ms)
				ProcessInitializeOnLoadMethodAttributes (74ms)
				AfterProcessingInitializeOnLoad (0ms)
				EditorAssembliesLoaded (0ms)
			ExecutionOrderSort2 (0ms)
			AwakeInstancesAfterBackupRestoration (0ms)
Platform modules already initialized, skipping
Registering precompiled user dll's ...
Registered in 0.008821 seconds.
Begin MonoManager ReloadAssembly
Symbol file LoadedFromMemory doesn't match image D:\Unity Projects\ArcadeGame_VR_Rabb\ArcadeGame_VR\Library\PackageCache\com.unity.visualscripting@1.7.6\Editor\VisualScripting.Core\Dependencies\YamlDotNet\Unity.VisualScripting.YamlDotNet.dll
Symbol file LoadedFromMemory doesn't match image D:\Unity Projects\ArcadeGame_VR_Rabb\ArcadeGame_VR\Library\PackageCache\com.unity.visualscripting@1.7.6\Editor\VisualScripting.Core\Dependencies\DotNetZip\Unity.VisualScripting.IonicZip.dll
Native extension for WindowsStandalone target not found
Native extension for Android target not found
Refreshing native plugins compatible for Editor in 135.23 ms, found 3 plugins.
Preloading 0 native plugins for Editor in 0.00 ms.
Mono: successfully reloaded assembly
- Completed reload, in  1.674 seconds
Domain Reload Profiling:
	ReloadAssembly (1675ms)
		BeginReloadAssembly (265ms)
			ExecutionOrderSort (0ms)
			DisableScriptedObjects (7ms)
			BackupInstance (0ms)
			ReleaseScriptingObjects (0ms)
			CreateAndSetChildDomain (138ms)
		EndReloadAssembly (1223ms)
			LoadAssemblies (116ms)
			RebuildTransferFunctionScriptingTraits (0ms)
			SetupTypeCache (334ms)
			ReleaseScriptCaches (1ms)
			RebuildScriptCaches (75ms)
			SetupLoadedEditorAssemblies (674ms)
				LogAssemblyErrors (0ms)
				InitializePlatformSupportModulesInManaged (12ms)
				SetLoadedEditorAssemblies (0ms)
				RefreshPlugins (135ms)
				BeforeProcessingInitializeOnLoad (113ms)
				ProcessInitializeOnLoadAttributes (293ms)
				ProcessInitializeOnLoadMethodAttributes (112ms)
				AfterProcessingInitializeOnLoad (8ms)
				EditorAssembliesLoaded (0ms)
			ExecutionOrderSort2 (0ms)
			AwakeInstancesAfterBackupRestoration (6ms)
Platform modules already initialized, skipping
========================================================================
Worker process is ready to serve import requests
Launched and connected shader compiler UnityShaderCompiler.exe after 0.05 seconds
Refreshing native plugins compatible for Editor in 1.15 ms, found 3 plugins.
Preloading 0 native plugins for Editor in 0.00 ms.
Unloading 5011 Unused Serialized files (Serialized files now loaded: 0)
Unloading 33 unused Assets / (0.7 MB). Loaded Objects now: 5468.
Memory consumption went from 196.4 MB to 195.7 MB.
Total: 5.589800 ms (FindLiveObjects: 0.387200 ms CreateObjectMapping: 0.514900 ms MarkObjects: 4.367200 ms  DeleteObjects: 0.319200 ms)

AssetImportParameters requested are different than current active one (requested -> active):
  custom:video-decoder-ogg-theora: a1e56fd34408186e4bbccfd4996cb3dc -> 
  custom:container-muxer-webm: aa71ff27fc2769a1b78a27578f13a17b -> 
  custom:container-demuxer-webm: 4f35f7cbe854078d1ac9338744f61a02 -> 
  custom:video-encoder-webm-vp8: eb34c28f22e8b96e1ab97ce403110664 -> 
  custom:audio-encoder-webm-vorbis: bf7c407c2cedff20999df2af8eb42d56 -> 
  custom:framework-win-MediaFoundation: 216162199b28c13a410421893ffa2e32 -> 
  custom:container-demuxer-ogg: 62fdf1f143b41e24485cea50d1cbac27 -> 
  custom:video-decoder-webm-vp8: 9c59270c3fd7afecdb556c50c9e8de78 -> 
  custom:audio-decoder-ogg-vorbis: bf7c407c2cedff20999df2af8eb42d56 -> 
========================================================================
Received Import Request.
  Time since last request: 3328.935076 seconds.
  path: Assets/Arcade/Objects/AirHockey.fbx
  artifactKey: Guid(d4381af1d8aafc946a0af83a66133f00) Importer(815301076,1909f56bfc062723c751e8b465ee728b)
Start importing Assets/Arcade/Objects/AirHockey.fbx using Guid(d4381af1d8aafc946a0af83a66133f00) Importer(815301076,1909f56bfc062723c751e8b465ee728b)  -> (artifact id: '37393867e8e9e97f72bfe4496f703a16') in 0.881060 seconds 
========================================================================
Received Import Request.
  Time since last request: 0.000048 seconds.
  path: Assets/Arcade/Objects/Beam.fbx
  artifactKey: Guid(715f24665bd23184d80909b9f26e4eb3) Importer(815301076,1909f56bfc062723c751e8b465ee728b)
Start importing Assets/Arcade/Objects/Beam.fbx using Guid(715f24665bd23184d80909b9f26e4eb3) Importer(815301076,1909f56bfc062723c751e8b465ee728b)  -> (artifact id: '831d0643b712a9dd224478c66b5b5381') in 0.045754 seconds 
========================================================================
Received Import Request.
  Time since last request: 2.461098 seconds.
  path: Assets/Arcade/Textures/_Balls_COL.png
  artifactKey: Guid(12b775b744d850f48b6762b0bc8fda8d) Importer(815301076,1909f56bfc062723c751e8b465ee728b)
Start importing Assets/Arcade/Textures/_Balls_COL.png using Guid(12b775b744d850f48b6762b0bc8fda8d) Importer(815301076,1909f56bfc062723c751e8b465ee728b)  -> (artifact id: 'e6e507d75d227705048f896e9eaa76f2') in 0.046586 seconds 
========================================================================
Received Import Request.
  Time since last request: 0.000025 seconds.
  path: Assets/Arcade/Textures/ClawMachineMech_ClawMachineMech_COL.png
  artifactKey: Guid(d8255492c4ae5c543b2ea5124078a083) Importer(815301076,1909f56bfc062723c751e8b465ee728b)
Start importing Assets/Arcade/Textures/ClawMachineMech_ClawMachineMech_COL.png using Guid(d8255492c4ae5c543b2ea5124078a083) Importer(815301076,1909f56bfc062723c751e8b465ee728b)  -> (artifact id: '679a36a2a885123dab2c01bb939fbcf1') in 0.028678 seconds 
========================================================================
Received Import Request.
  Time since last request: 0.000027 seconds.
  path: Assets/Arcade/Textures/Poster_NEX-N8R.png
  artifactKey: Guid(4d69b79d79907284988f2550b7686e1c) Importer(815301076,1909f56bfc062723c751e8b465ee728b)
Start importing Assets/Arcade/Textures/Poster_NEX-N8R.png using Guid(4d69b79d79907284988f2550b7686e1c) Importer(815301076,1909f56bfc062723c751e8b465ee728b)  -> (artifact id: '7ba2f6eb2c5a9f4ba6b9f8d86770b3d2') in 0.022562 seconds 
========================================================================
Received Import Request.
  Time since last request: 0.000028 seconds.
  path: Assets/Arcade/Textures/ArcadeMachine_2_COL_ED.png
  artifactKey: Guid(b4c8cec0534b7f74498c2e6ebbe4edfe) Importer(815301076,1909f56bfc062723c751e8b465ee728b)
Start importing Assets/Arcade/Textures/ArcadeMachine_2_COL_ED.png using Guid(b4c8cec0534b7f74498c2e6ebbe4edfe) Importer(815301076,1909f56bfc062723c751e8b465ee728b)  -> (artifact id: '1477bcf427eb159c918d21888bca9433') in 0.024979 seconds 
========================================================================
Received Import Request.
  Time since last request: 0.000029 seconds.
  path: Assets/Arcade/Textures/Exit.png
  artifactKey: Guid(23b957cde0c3027438402d2cb2f4c7ee) Importer(815301076,1909f56bfc062723c751e8b465ee728b)
Start importing Assets/Arcade/Textures/Exit.png using Guid(23b957cde0c3027438402d2cb2f4c7ee) Importer(815301076,1909f56bfc062723c751e8b465ee728b)  -> (artifact id: '04f18c9abddc6c66a18a411db40759c8') in 0.021142 seconds 
========================================================================
Received Import Request.
  Time since last request: 0.000032 seconds.
  path: Assets/Arcade/Textures/Bricks_Normal.png
  artifactKey: Guid(b718bc94b4013254c947652e6f7b5d66) Importer(815301076,1909f56bfc062723c751e8b465ee728b)
Start importing Assets/Arcade/Textures/Bricks_Normal.png using Guid(b718bc94b4013254c947652e6f7b5d66) Importer(815301076,1909f56bfc062723c751e8b465ee728b)  -> (artifact id: '67ecf88d0359a77ab384b2a0da46fd20') in 0.035735 seconds 
========================================================================
Received Import Request.
  Time since last request: 0.000034 seconds.
  path: Assets/Arcade/Textures/ArcadeMachine_3_COL_ED.png
  artifactKey: Guid(fe61add6eacd58d4c9066abc728afd5b) Importer(815301076,1909f56bfc062723c751e8b465ee728b)
Start importing Assets/Arcade/Textures/ArcadeMachine_3_COL_ED.png using Guid(fe61add6eacd58d4c9066abc728afd5b) Importer(815301076,1909f56bfc062723c751e8b465ee728b)  -> (artifact id: '85401848bd042f8d7b66772d3a935b88') in 0.025239 seconds 
========================================================================
Received Import Request.
  Time since last request: 0.000037 seconds.
  path: Assets/Arcade/Textures/Plaster_texture.png
  artifactKey: Guid(2c2149fa64a885a4ebe589f089ad8a85) Importer(815301076,1909f56bfc062723c751e8b465ee728b)
Start importing Assets/Arcade/Textures/Plaster_texture.png using Guid(2c2149fa64a885a4ebe589f089ad8a85) Importer(815301076,1909f56bfc062723c751e8b465ee728b)  -> (artifact id: '7ccc24795ea0ce5893e18f2de31a9daf') in 0.023295 seconds 
========================================================================
Received Import Request.
  Time since last request: 0.000030 seconds.
  path: Assets/Arcade/Textures/Poster_BaitedSpace.png
  artifactKey: Guid(35ffb5b1b669a4940a14ccda2d743c8d) Importer(815301076,1909f56bfc062723c751e8b465ee728b)
Start importing Assets/Arcade/Textures/Poster_BaitedSpace.png using Guid(35ffb5b1b669a4940a14ccda2d743c8d) Importer(815301076,1909f56bfc062723c751e8b465ee728b)  -> (artifact id: '26b7fb097f7dc2c04f4cb82de73dff27') in 0.021086 seconds 
========================================================================
Received Import Request.
  Time since last request: 0.000026 seconds.
  path: Assets/Arcade/Textures/Wood_texture.png
  artifactKey: Guid(1cce12b9d52b668489238fa0b6b0b2b7) Importer(815301076,1909f56bfc062723c751e8b465ee728b)
Start importing Assets/Arcade/Textures/Wood_texture.png using Guid(1cce12b9d52b668489238fa0b6b0b2b7) Importer(815301076,1909f56bfc062723c751e8b465ee728b)  -> (artifact id: '96d6a7eeb2c05484541fe6b4fe7036f9') in 0.026832 seconds 
